
                            < M A T L A B (R) >
                  Copyright 1984-2009 The MathWorks, Inc.
                Version 7.9.0.529 (R2009b) 64-bit (glnxa64)
                              August 12, 2009

 
  To get started, type one of these: helpwin, helpdesk, or demo.
  For product information, visit www.mathworks.com.
 
>> >> >> >> >> >> >> >> >> >> >> >> >> >> >> >> >> >> >> >> >> >> >> >> >> >> >> >> >> >> >>   Value    Count   Percent
      1     2833      8.75%
      2     6591     20.36%
      3     4520     13.96%
      4    11584     35.79%
      5      846      2.61%
      6     5996     18.52%
>> >> >> >> {Warning: Gradient must be provided for trust-region algorithm;
  using line-search algorithm instead.} 
> In fminunc at 347
                                                        First-order 
 Iteration  Func-count       f(x)        Step-size       optimality
     0          46           246334                      9.88e+04
     1         138           185538    1.52372e-06       1.23e+05  
     2         276           168719      0.0672585       8.02e+04  
     3         414           137522        2.39519        7.9e+04  
     4         506           128144            0.1       6.78e+04  
     5         552           122145              1       6.88e+04  
     6         598           115438              1       3.92e+04  
     7         644          98011.3              1       8.64e+04  
     8         690          63687.2              1       9.36e+04  
     9         782          56453.1            0.1       9.14e+04  
    10         828          53080.7              1       7.36e+04  
    11         874          48459.7              1          4e+04  
    12         920          46213.7              1       2.47e+04  
    13         966          44494.7              1       1.49e+04  
    14        1012          43949.8              1       1.21e+04  
    15        1058          42057.5              1       3.58e+04  
    16        1104          40440.8              1       4.38e+04  
    17        1150          39452.5              1       2.14e+04  
    18        1196          38677.4              1       1.33e+04  
    19        1242          38379.5              1          7e+03  
                                                        First-order 
 Iteration  Func-count       f(x)        Step-size       optimality
    20        1288          38309.8              1       3.45e+03  
    21        1334          38278.9              1       2.47e+03  
    22        1380          38174.9              1       5.77e+03  
    23        1426          38013.7              1       1.14e+04  
    24        1472          37673.4              1       1.69e+04  
    25        1518          37308.2              1       1.45e+04  
    26        1564          37087.7              1       6.27e+03  
    27        1610          37009.6              1        3.7e+03  
    28        1656          36940.3              1       4.36e+03  
    29        1702            36786              1       8.42e+03  
    30        1748          36517.5              1       1.16e+04  
    31        1794          36191.6              1       1.24e+04  
    32        1840          35983.9              1       8.87e+03  
    33        1886          35893.6              1       3.25e+03  
    34        1932            35870              1       1.55e+03  
    35        1978          35857.7              1       2.46e+03  
    36        2024          35818.6              1       4.01e+03  
    37        2070            35748              1       5.23e+03  
    38        2116          35625.6              1       6.13e+03  
    39        2162          35519.2              1       4.24e+03  
                                                        First-order 
 Iteration  Func-count       f(x)        Step-size       optimality
    40        2208          35477.6              1        1.6e+03  
    41        2254          35468.3              1            809  
    42        2300          35462.4              1       1.28e+03  
    43        2346          35445.5              1       2.02e+03  
    44        2392          35410.6              1       2.78e+03  
    45        2438          35343.6              1       3.72e+03  
    46        2484          35259.1              1       3.77e+03  
    47        2530          35198.8              1       2.25e+03  
    48        2576          35179.3              1            746  
    49        2622            35172              1       1.11e+03  
    50        2668          35158.9              1       1.53e+03  
    51        2714          35131.6              1       1.92e+03  
    52        2760          35081.1              1       2.14e+03  
    53        2806          35021.8              1       2.01e+03  
    54        2852          34986.7              1       1.33e+03  
    55        2898          34976.6              1            603  
    56        2944          34972.4              1            712  
    57        2990          34963.9              1            941  
    58        3036          34945.7              1       1.46e+03  
    59        3082          34911.6              1       1.78e+03  
                                                        First-order 
 Iteration  Func-count       f(x)        Step-size       optimality
    60        3128          34870.6              1       1.57e+03  
    61        3174          34844.5              1       1.21e+03  
    62        3220          34835.4              1            693  
    63        3266          34831.8              1            719  
    64        3312          34825.2              1       1.14e+03  
    65        3358          34808.9              1       1.75e+03  
    66        3404          34772.3              1        2.5e+03  
    67        3450          34704.2              1       2.98e+03  
    68        3496          34623.1              1       2.35e+03  
    69        3542          34578.3              1            977  
    70        3588          34568.7              1            410  
    71        3634          34567.2              1            393  
    72        3680          34565.7              1            376  
    73        3726          34561.3              1            447  
    74        3772          34551.2              1            714  
    75        3818          34528.6              1       1.13e+03  
    76        3864          34490.8              1       1.43e+03  
    77        3910          34451.9              1       1.21e+03  
    78        3956          34433.6              1            510  
    79        4002          34430.4              1            251  
                                                        First-order 
 Iteration  Func-count       f(x)        Step-size       optimality
    80        4048          34429.8              1            234  
    81        4094          34428.9              1            209  
    82        4140          34426.8              1            230  
    83        4186          34421.9              1            383  
    84        4232          34412.7              1            502  
    85        4278            34401              1            446  
    86        4324          34393.9              1            279  
    87        4370          34391.9              1            244  
    88        4416          34391.4              1            217  
    89        4462          34390.7              1            190  
    90        4508          34388.9              1            147  
    91        4554          34384.4              1            302  
    92        4600          34373.5              1            528  
    93        4646          34350.8              1            788  
    94        4692          34316.3              1            898  
    95        4738          34287.3              1            604  
    96        4784          34277.1              1            354  
    97        4830          34275.6              1            327  
    98        4876          34275.1              1            315  
    99        4922          34273.4              1            288  
                                                        First-order 
 Iteration  Func-count       f(x)        Step-size       optimality
   100        4968          34269.8              1            268  
   101        5014          34261.1              1            339  
   102        5060          34244.4              1            392  
   103        5106            34222              1            350  
   104        5152          34206.9              1            192  
   105        5198            34203              1            130  
   106        5244          34202.5              1            115  
   107        5290          34202.4              1            109  
   108        5336          34201.9              1           97.9  
   109        5382          34200.8              1           96.5  
   110        5428          34198.1              1            144  
   111        5474          34191.9              1            273  
   112        5520          34180.3              1            399  
   113        5566          34166.1              1            399  
   114        5612          34157.9              1            228  
   115        5658          34156.1              1            123  
   116        5704          34155.8              1            116  
   117        5750          34155.6              1            114  
   118        5796          34154.9              1            119  
   119        5842          34153.4              1            163  
                                                        First-order 
 Iteration  Func-count       f(x)        Step-size       optimality
   120        5888          34149.5              1            230  
   121        5934          34141.4              1            306  
   122        5980          34128.7              1            390  
   123        6026          34117.4              1            286  
   124        6072          34113.1              1            160  
   125        6118          34112.4              1            163  
   126        6164          34112.2              1            160  
   127        6210          34111.8              1            153  
   128        6256          34110.8              1            142  
   129        6302          34108.4              1            143  
   130        6348          34103.2              1            140  
   131        6394          34094.6              1            161  
   132        6440          34086.3              1            176  
   133        6486          34082.7              1            103  
   134        6532          34082.2              1           81.4  
   135        6578          34082.1              1             82  
   136        6624            34082              1           82.5  
   137        6670          34081.7              1           82.9  
   138        6716            34081              1           85.8  
   139        6762          34079.1              1            102  
                                                        First-order 
 Iteration  Func-count       f(x)        Step-size       optimality
   140        6808          34074.8              1            166  
   141        6854          34066.5              1            255  
   142        6900          34055.9              1            248  
   143        6946          34049.1              1            124  
   144        6992          34047.4              1            120  
   145        7038          34047.2              1            117  
   146        7084          34047.2              1            116  
   147        7130            34047              1            112  
   148        7176          34046.7              1            105  
   149        7222          34045.8              1           92.6  
   150        7268          34043.8              1           82.2  
   151        7314          34039.7              1            108  
   152        7360          34034.2              1            104  
   153        7406          34030.4              1           82.1  
   154        7452          34029.4              1           85.3  
   155        7498          34029.3              1           80.5  
   156        7544          34029.2              1             78  
   157        7590          34029.1              1           72.5  
   158        7636          34028.8              1           63.5  
   159        7682          34028.1              1           55.8  
                                                        First-order 
 Iteration  Func-count       f(x)        Step-size       optimality
   160        7728          34026.5              1           52.5  
   161        7774          34023.5              1           72.6  
   162        7820          34019.7              1           67.3  
   163        7866          34017.5              1             59  
   164        7912          34016.9              1           58.7  
   165        7958          34016.9              1           61.3  
   166        8004          34016.8              1           61.3  
   167        8050          34016.7              1           60.6  
   168        8096          34016.5              1             59  
   169        8142            34016              1           54.7  
   170        8188          34014.9              1           63.3  
   171        8234          34012.7              1           80.9  
   172        8280          34010.1              1           69.9  
   173        8326          34008.7              1           38.2  
   174        8372          34008.4              1           41.8  
   175        8418          34008.4              1           41.2  
   176        8464          34008.4              1           40.7  
   177        8510          34008.4              1           39.3  
   178        8556          34008.3              1           37.5  
   179        8602          34008.1              1           33.8  
                                                        First-order 
 Iteration  Func-count       f(x)        Step-size       optimality
   180        8648          34007.5              1           27.3  
   181        8694          34006.3              1           39.2  
   182        8740            34004              1           59.4  
   183        8786          34001.3              1           62.7  
   184        8832          33999.8              1           56.7  
   185        8878          33999.5              1           57.2  
   186        8924          33999.4              1           56.5  
   187        8970          33999.4              1           55.6  
   188        9016          33999.3              1           53.6  
   189        9062          33999.2              1           49.8  
   190        9108          33998.8              1           42.3  
   191        9154          33997.9              1           33.3  
   192        9200          33996.4              1           29.2  
   193        9246          33994.4              1           35.8  
   194        9292          33993.3              1           31.2  
   195        9338            33993              1           31.7  
   196        9384            33993              1           32.6  
   197        9430            33993              1           32.6  
   198        9476            33993              1           32.4  
   199        9522          33992.9              1           31.7  
                                                        First-order 
 Iteration  Func-count       f(x)        Step-size       optimality
   200        9568          33992.7              1             30  
   201        9614          33992.2              1             26  
   202        9660          33991.2              1           22.2  
   203        9706          33989.5              1           29.4  
   204        9752          33987.9              1           25.6  
   205        9798          33987.3              1           23.8  
   206        9844          33987.2              1             24  
   207        9890          33987.2              1           23.4  
   208        9936          33987.2              1           22.8  
   209        9982          33987.2              1           22.2  
   210       10028          33987.1              1           22.2  
   211       10074          33986.9              1             22  
   212       10120          33986.6              1           21.5  
   213       10166          33985.6              1           20.1  
   214       10212          33983.7              1           26.9  
   215       10258          33980.5              1           42.1  
   216       10304          33977.7              1           44.6  
   217       10350          33976.7              1             34  
   218       10396          33976.5              1             29  
   219       10442          33976.5              1           28.8  
                                                        First-order 
 Iteration  Func-count       f(x)        Step-size       optimality
   220       10488          33976.5              1           28.6  
   221       10534          33976.5              1           27.8  
   222       10580          33976.4              1           26.7  
   223       10626          33976.2              1           24.5  
   224       10672          33975.6              1           20.9  
   225       10718          33974.5              1           30.2  
   226       10764          33972.7              1           33.8  
   227       10810          33971.2              1           20.7  
   228       10856          33970.6              1           16.8  
   229       10902          33970.5              1           16.9  
   230       10948          33970.5              1           16.8  
   231       10994          33970.5              1           16.7  
   232       11040          33970.5              1           16.6  
   233       11086          33970.4              1           16.5  
   234       11132          33970.4              1           16.4  
   235       11178          33970.2              1           16.2  
   236       11224          33969.6              1           15.6  
   237       11270          33968.5              1           19.8  
   238       11316          33966.1              1           25.6  
   239       11362          33962.9              1           32.2  
                                                        First-order 
 Iteration  Func-count       f(x)        Step-size       optimality
   240       11408          33960.5              1           28.9  
   241       11454          33959.9              1           20.7  
   242       11500          33959.8              1           17.4  
   243       11546          33959.8              1           16.9  
   244       11592          33959.8              1           16.6  
   245       11638          33959.8              1           16.2  
   246       11684          33959.8              1           15.2  
   247       11730          33959.7              1           14.3  
   248       11776          33959.5              1             27  
   249       11822            33959              1           44.2  
   250       11868          33957.8              1           65.8  
   251       11914            33956              1           74.1  
   252       11960          33954.2              1           55.8  
   253       12006          33953.6              1           26.7  
   254       12052          33953.5              1           23.4  
   255       12098          33953.5              1           22.5  
   256       12144          33953.5              1           22.2  
   257       12190          33953.5              1           21.4  
   258       12236          33953.4              1           20.2  
   259       12282          33953.4              1           17.6  
                                                        First-order 
 Iteration  Func-count       f(x)        Step-size       optimality
   260       12328          33953.3              1           19.9  
   261       12374            33953              1             34  
   262       12420          33952.5              1           48.7  
   263       12466          33951.8              1           49.3  
   264       12512          33951.2              1           27.2  
   265       12558            33951              1           10.4  
   266       12604            33951              1           7.57  
   267       12650            33951              1           7.38  
   268       12696            33951              1           7.44  
   269       12742            33951              1           7.55  
   270       12788            33951              1           7.73  
   271       12834            33951              1           7.87  
   272       12880            33951              1           8.13  
   273       12926          33950.9              1           8.05  
   274       12972          33950.6              1             12  
   275       13018          33950.2              1           14.2  
   276       13064          33949.8              1           10.7  
   277       13110          33949.6              1           5.17  
   278       13156          33949.6              1           5.43  
   279       13202          33949.6              1           5.46  
                                                        First-order 
 Iteration  Func-count       f(x)        Step-size       optimality
   280       13248          33949.6              1           5.46  
   281       13294          33949.6              1           5.46  
   282       13340          33949.6              1           5.46  
   283       13386          33949.6              1           5.44  
   284       13432          33949.6              1           5.38  
   285       13478          33949.6              1           5.25  
   286       13524          33949.5              1           5.75  
   287       13570          33949.4              1           8.82  
   288       13616          33949.3              1           9.77  
   289       13662          33949.1              1           6.49  
   290       13708          33949.1              1           4.42  
   291       13754            33949              1           4.43  
   292       13800            33949              1           4.37  
   293       13846            33949              1           4.33  
   294       13892            33949              1           4.24  
   295       13938            33949              1           4.21  
   296       13984            33949              1           3.96  
   297       14030            33949              1           5.55  
   298       14076            33949              1            9.1  
   299       14122            33949              1           10.9  
                                                        First-order 
 Iteration  Func-count       f(x)        Step-size       optimality
   300       14168          33948.8              1           12.9  
   301       14214          33948.7              1           11.6  
   302       14260          33948.6              1           5.74  
   303       14306          33948.5              1           4.57  
   304       14352          33948.5              1           4.43  
   305       14398          33948.5              1           4.31  
   306       14444          33948.5              1           4.31  
   307       14490          33948.5              1           4.23  
   308       14582          33948.5             10           4.52  
   309       14674          33948.5             10           5.91  
   310       14766          33948.4             10           9.32  
   311       14812          33948.3              1           6.29  
   312       14858          33948.3              1           2.71  
   313       14904          33948.3              1           2.85  
   314       14950          33948.3              1           2.78  
   315       14996          33948.3              1           2.71  
   316       15042          33948.3              1           2.71  
   317       15088          33948.3              1           2.72  
   318       15134          33948.3              1           2.74  
   319       15226          33948.3        0.37452           2.81  
                                                        First-order 
 Iteration  Func-count       f(x)        Step-size       optimality
   320       15272          33948.3              1           2.81  
   321       15318          33948.2              1           3.23  
   322       15364          33948.2              1           4.01  
   323       15410          33948.2              1           5.13  
   324       15456          33948.1              1           5.85  
   325       15502          33948.1              1           3.84  
   326       15548          33948.1              1           3.91  
   327       15594          33948.1              1           3.77  
   328       15640          33948.1              1           3.66  
   329       15686          33948.1              1           3.63  
   330       15732          33948.1              1           3.57  
   331       15778          33948.1              1            3.6  
   332       15824          33948.1              1           3.71  
   333       15870          33948.1              1           3.69  
   334       15916          33948.1              1           3.64  
   335       15962          33948.1              1           3.59  
   336       16008          33948.1              1           3.61  
   337       16054            33948              1           3.45  
   338       16100            33948              1            3.4  
   339       16146            33948              1            4.1  
                                                        First-order 
 Iteration  Func-count       f(x)        Step-size       optimality
   340       16192            33948              1           5.15  
   341       16238          33947.9              1           5.39  
   342       16284          33947.9              1           4.25  
   343       16330          33947.8              1           3.08  
   344       16376          33947.8              1           3.45  
   345       16422          33947.8              1           3.56  
   346       16468          33947.8              1           3.59  
   347       16560          33947.8       0.434006           3.58  
   348       16606          33947.8              1           3.59  
   349       16652          33947.8              1           3.66  
   350       16698          33947.8              1           3.73  
   351       16744          33947.8              1           3.69  
   352       16790          33947.8              1           3.65  
   353       16836          33947.8              1           3.53  
   354       16882          33947.8              1           3.17  
   355       16928          33947.8              1           5.32  
   356       16974          33947.7              1           5.62  
   357       17020          33947.7              1           4.55  
   358       17066          33947.7              1           2.35  
   359       17112          33947.7              1           1.57  
                                                        First-order 
 Iteration  Func-count       f(x)        Step-size       optimality
   360       17158          33947.7              1           1.54  
   361       17204          33947.7              1            1.6  
   362       17250          33947.7              1           1.58  
   363       17342          33947.7       0.276538           1.58  
   364       17388          33947.7              1           1.58  
   365       17434          33947.7              1            1.6  
   366       17480          33947.7              1           1.61  
   367       17526          33947.7              1           1.65  
   368       17572          33947.7              1           1.63  
   369       17618          33947.7              1           1.57  
   370       17664          33947.7              1           1.54  
   371       17710          33947.7              1           1.55  
   372       17756          33947.6              1           2.26  
   373       17802          33947.6              1           3.56  
   374       17848          33947.6              1           4.75  
   375       17894          33947.5              1           5.12  
   376       17940          33947.5              1           3.39  
   377       17986          33947.5              1           1.61  
   378       18032          33947.5              1           1.68  
   379       18078          33947.5              1           3.39  
                                                        First-order 
 Iteration  Func-count       f(x)        Step-size       optimality
   380       18124          33947.5              1           4.12  
   381       18170          33947.4              1           3.76  
   382       18216          33947.4              1           1.71  
   383       18262          33947.4              1          0.794  
   384       18308          33947.4              1           0.77  
   385       18354          33947.4              1          0.772  
   386       18952          33947.4      0.0109766          0.773  

Optimization stopped because the objective function cannot be decreased in the 
current search direction. Either the predicted change in the objective function,
or the line search interval is less than eps.

Computing finite-difference Hessian using user-supplied objective function.
>> >> Time spent for mlogit MLE (no gradient)
>> Elapsed time is 423.712438 seconds.
>> 
resultng =

   -2.0825    0.2681
    0.3734    0.0519
    0.5178    0.0315
    0.0674    0.0101
    0.0280    0.0195
   -0.9431    0.0252
    1.5702    0.1012
    0.4355    0.1468
   -0.5164    0.1176
   -2.1351    0.2276
   -0.0949    0.0436
    0.5686    0.0264
    0.0153    0.0082
    0.1173    0.0162
   -0.8263    0.0186
    2.0354    0.0888
    0.6952    0.1236
   -0.5324    0.0991
   -0.7254    0.2099
   -0.1045    0.0410
    0.1441    0.0262
    0.0210    0.0081
   -0.1084    0.0166
    0.2810    0.0123
    1.0230    0.0609
    1.1456    0.1329
    1.2800    0.1089
   -1.3768    0.1774
    0.4529    0.0348
    0.2172    0.0222
    0.0002    0.0068
   -0.0429    0.0137
    0.4370    0.0107
    1.2237    0.0507
    1.2815    0.1191
    1.9193    0.0929
   -0.6829    0.4777
    1.5222    0.0920
    0.7378    0.0460
    0.0041    0.0155
   -0.4780    0.0402
    0.2348    0.0237
    3.6125    0.1819
    0.7396    0.2640
    1.0011    0.2444

>> >> >> Function derivative
Maximum relative discrepancy between derivatives = 0.00102628
Caution: user-supplied and finite-difference derivatives do
 not match within 1e-06 relative tolerance.
Maximum difference occurs in element (39,1):
  User-supplied derivative, mlogit_gradient:     -207.964
  Finite-difference derivative:     -208.178
Strike any key to continue or Ctrl-C to abort
 

                                Norm of      First-order 
 Iteration        f(x)          step          optimality   CG-iterations
     0             246334                      9.88e+04                
     1             246334             10       9.88e+04           4
     2             246334            2.5       9.88e+04           0
     3             197787          0.625       2.68e+05           0
     4             159805          0.625       7.05e+04           5
     5             159805          0.625       7.05e+04          22
     6             144200        0.15625       5.77e+04           0
     7             131883         0.3125       9.99e+04          22
     8             113765          0.625       6.41e+04          22
     9              80722           1.25       6.66e+04          22
    10            67675.9            2.5       4.93e+04          22
    11            67675.9              5       4.93e+04          13
    12              46635           1.25        2.7e+04           0
    13            38292.2           1.25       1.11e+04          12
    14            34868.5        2.70039       3.68e+03          12
    15            34052.4        3.08497       1.41e+03          15
    16            33972.4        1.11698            162          22
    17            33956.3        1.29314            105          22
    18              33951       0.468653           66.7          22
    19            33948.9       0.502183           17.9          22
    20              33948       0.193717           95.8          22
    21            33947.6       0.192569           7.65          22
    22            33947.4      0.0780447           37.2          22
    23            33947.4      0.0877738           3.75          22
    24            33947.3      0.0369424           5.62          22

Optimization stopped because the relative objective function value is changing
by less than options.TolFun = 1.000000e-06.

Optimization Metric                                         Options
relative change objective =   9.48e-07             TolFun =   1e-06 (default)

>> >> >> Time spent for mlogit MLE (user-supplied gradient)
>> Elapsed time is 26.533726 seconds.
>> 
resultg =

   -2.0300    0.2681
    0.3716    0.0519
    0.5201    0.0315
    0.0667    0.0101
    0.0244    0.0195
   -0.9445    0.0252
    1.5772    0.1012
    0.4439    0.1471
   -0.5084    0.1175
   -2.0713    0.2273
   -0.0967    0.0436
    0.5714    0.0264
    0.0145    0.0082
    0.1132    0.0162
   -0.8278    0.0186
    2.0393    0.0887
    0.7053    0.1239
   -0.5228    0.0990
   -0.7096    0.2095
   -0.1052    0.0410
    0.1451    0.0262
    0.0208    0.0081
   -0.1094    0.0165
    0.2805    0.0123
    1.0241    0.0608
    1.1523    0.1332
    1.2818    0.1089
   -1.3379    0.1772
    0.4519    0.0348
    0.2189    0.0222
   -0.0003    0.0068
   -0.0457    0.0137
    0.4362    0.0107
    1.2295    0.0507
    1.2920    0.1194
    1.9269    0.0929
   -0.7174    0.4784
    1.5227    0.0920
    0.7366    0.0460
    0.0045    0.0155
   -0.4766    0.0401
    0.2363    0.0237
    3.6178    0.1823
    0.7848    0.2604
    1.0068    0.2438

>> >> >> >> >> >> >> {Warning: Gradient must be provided for trust-region algorithm;
  using line-search algorithm instead.} 
> In fminunc at 347
                                                        First-order 
 Iteration  Func-count       f(x)        Step-size       optimality
     0          13      1.94868e+06                       5.2e+06
     1          26      1.33579e+06    1.92377e-07       2.58e+06  
     2          39           355929              1       6.84e+05  
     3          52           199847              1       4.32e+05  
     4          65          85773.7              1       1.89e+05  
     5          78          56771.8              1       7.32e+04  
     6          91          51686.5              1       2.26e+04  
     7         104          51331.9              1       2.32e+04  
     8         117          51144.6              1       2.33e+04  
     9         130          50371.3              1       2.26e+04  
    10         143          48982.5              1       3.89e+04  
    11         156          45451.7              1       8.51e+04  
    12         169          32565.9              1       2.02e+05  
    13         260          22201.8      0.0215076       9.74e+04  
    14         286          21978.7       0.339274        3.2e+04  
    15         299          21590.8              1       3.94e+04  
    16         312          20372.4              1       6.86e+04  
    17         325          19493.5              1       6.64e+04  
    18         338          19138.2              1       2.98e+04  
    19         351          19077.3              1       6.26e+03  
                                                        First-order 
 Iteration  Func-count       f(x)        Step-size       optimality
    20         364          19050.2              1       6.42e+03  
    21         377            19039              1       6.31e+03  
    22         390          19003.7              1        5.8e+03  
    23         403          18936.3              1       4.54e+03  
    24         416          18818.3              1       7.93e+03  
    25         429          18706.4              1       6.56e+03  
    26         442          18656.8              1       2.25e+03  
    27         455          18649.5              1       1.73e+03  
    28         468          18646.7              1       1.55e+03  
    29         481          18639.5              1       2.48e+03  
    30         494          18629.3              1       3.29e+03  
    31         507          18617.6              1       2.97e+03  
    32         520          18609.3              1        4.1e+03  
    33         533          18602.1              1       4.48e+03  
    34         546          18590.5              1       4.48e+03  
    35         559          18563.9              1        8.1e+03  
    36         572          18505.6              1       1.24e+04  
    37         585          18404.9              1       1.47e+04  
    38         598          18299.4              1       1.04e+04  
    39         611          18250.7              1       3.42e+03  
                                                        First-order 
 Iteration  Func-count       f(x)        Step-size       optimality
    40         624          18244.4              1       1.04e+03  
    41         637          18243.9              1       1.07e+03  
    42         650          18243.2              1       1.09e+03  
    43         663          18241.3              1       1.66e+03  
    44         676          18236.7              1       3.16e+03  
    45         689          18224.7              1       5.55e+03  
    46         702          18195.1              1       9.04e+03  
    47         715          18127.9              1       1.35e+04  
    48         728          18001.9              1       1.73e+04  
    49         741          17843.3              1       1.59e+04  
    50         754          17743.1              1       7.35e+03  
    51         767          17718.7              1        1.7e+03  
    52         780          17715.8              1       1.66e+03  
    53         793          17714.5              1       1.65e+03  
    54         806          17710.7              1       1.63e+03  
    55         819          17701.7              1        1.6e+03  
    56         832            17678              1       1.55e+03  
    57         845          17622.3              1       2.91e+03  
    58         858          17506.7              1       4.36e+03  
    59         871          17339.8              1       5.12e+03  
                                                        First-order 
 Iteration  Func-count       f(x)        Step-size       optimality
    60         884          17212.2              1       4.11e+03  
    61         897          17175.8              1            937  
    62         910          17173.4              1            260  
    63         923          17173.3              1            253  
    64         936          17173.3              1            252  
    65         949          17173.2              1            248  
    66         962          17173.1              1            240  
    67         975          17172.7              1            221  
    68         988            17172              1            199  
    69        1001          17170.6              1            276  
    70        1014          17168.9              1            212  
    71        1027            17168              1            108  
    72        1040          17167.8              1           13.6  
    73        1053          17167.8              1           13.8  
    74        1066          17167.8              1           13.9  
    75        1079          17167.8              1             14  
    76        1092          17167.8              1             14  
    77        1105          17167.8              1           17.3  
    78        1118          17167.8              1           35.2  
    79        1131          17167.8              1           61.4  
                                                        First-order 
 Iteration  Func-count       f(x)        Step-size       optimality
    80        1144          17167.8              1           99.3  
    81        1157          17167.7              1            138  
    82        1170          17167.7              1            148  
    83        1183          17167.6              1           89.3  
    84        1196          17167.6              1           28.3  
    85        1209          17167.6              1           27.5  
    86        1222          17167.6              1           26.9  
    87        1235          17167.6              1           26.2  
    88        1248          17167.6              1             25  
    89        1261          17167.6              1           22.9  
    90        1274          17167.6              1           19.4  
    91        1287          17167.6              1           13.9  
    92        1300          17167.5              1           20.7  
    93        1313          17167.4              1           37.1  
    94        1326          17167.3              1            116  
    95        1339          17167.2              1           76.1  
    96        1352          17167.2              1             35  
    97        1365          17167.2              1           2.05  

Optimization completed: The first-order optimality measure, 3.947103e-07, is less 
than options.TolFun = 1.000000e-06.

Optimization Metric                                            Options
relative norm(gradient) =   3.95e-07                  TolFun =   1e-06 (default)


Computing finite-difference Hessian using user-supplied objective function.
>> >> >> >> >> >> >> >> >> >> >> >> >> 
resultMLE =

    1.4401    0.0369
    0.1162    0.0077
    0.0345    0.0039
   -0.0031    0.0012
    0.0396    0.0029
    0.0519    0.0020
   -0.0016    0.0111
    0.1343    0.0149
    0.1684    0.0132
   -0.0144    0.0011
   -0.0557    0.0087
    0.4862    0.0073

>> >> >> {Warning: Gradient must be provided for trust-region algorithm;
  using line-search algorithm instead.} 
> In fminunc at 347
                                                        First-order 
 Iteration  Func-count       f(x)        Step-size       optimality
     0          13      2.37622e+07                       9.3e+07
     1          26      1.17719e+06    1.07511e-08       2.05e+06  
     2          52           348250             10       9.62e+05  
     3          65          97562.5              1        3.9e+05  
     4          78          45045.4              1       1.09e+05  
     5          91          40629.3              1       1.94e+04  
     6         104          40535.5              1       1.06e+04  
     7         117          40533.6              1       1.06e+04  
     8         130          40523.7              1       1.07e+04  
     9         143          40502.6              1       1.07e+04  
    10         156          40442.8              1       1.07e+04  
    11         169          40292.8              1       1.86e+04  
    12         182          39905.2              1       3.48e+04  
    13         195          38961.6              1       6.49e+04  
    14         208          36932.9              1       1.34e+05  
    15         221          33682.5              1       2.54e+05  
    16         247          29895.1            0.5       7.74e+04  
    17         273          28987.1       0.363481       4.09e+04  
    18         286          28879.5              1       2.75e+04  
    19         312          28768.9             10       2.96e+04  
                                                        First-order 
 Iteration  Func-count       f(x)        Step-size       optimality
    20         325          27878.1              1       5.44e+04  
    21         338          26795.5              1       5.47e+04  
    22         364            24694            0.5       1.19e+04  
    23         377          24383.3              1       9.11e+03  
    24         390          24372.3              1       9.62e+03  
    25         403          24369.5              1       9.52e+03  
    26         416          24357.9              1       9.27e+03  
    27         429          24333.4              1       8.89e+03  
    28         442          24266.1              1       8.17e+03  
    29         455          24106.3              1       1.27e+04  
    30         468          23751.6              1       1.85e+04  
    31         481          23149.3              1       2.38e+04  
    32         494          22536.1              1        2.1e+04  
    33         507          22273.7              1       1.22e+04  
    34         520          22236.9              1       1.05e+04  
    35         533          22230.9              1       1.17e+04  
    36         546          22222.4              1       1.18e+04  
    37         559          22202.5              1       1.26e+04  
    38         572          22151.4              1        1.2e+04  
    39         585          22032.2              1       1.24e+04  
                                                        First-order 
 Iteration  Func-count       f(x)        Step-size       optimality
    40         598          21798.9              1       7.21e+03  
    41         611          21501.5              1       8.72e+03  
    42         624          21329.8              1       5.51e+03  
    43         637          21299.6              1       6.33e+03  
    44         650          21296.9              1       6.29e+03  
    45         663          21295.4              1       6.36e+03  
    46         676          21286.7              1       6.57e+03  
    47         689          21268.3              1        1.1e+04  
    48         702          21217.9              1       2.02e+04  
    49         715          21096.8              1       3.49e+04  
    50         728          20818.2              1       5.67e+04  
    51         741          20301.8              1       7.57e+04  
    52         754          19676.5              1       6.74e+04  
    53         767          19322.1              1       2.49e+04  
    54         780            19257              1       2.96e+03  
    55         793          19253.7              1       2.76e+03  
    56         806          19253.3              1       2.76e+03  
    57         819          19252.5              1       2.77e+03  
    58         832          19250.4              1       2.79e+03  
    59         845          19244.7              1        2.8e+03  
                                                        First-order 
 Iteration  Func-count       f(x)        Step-size       optimality
    60         858          19229.4              1       2.82e+03  
    61         871          19189.8              1       2.82e+03  
    62         884          19089.4              1       4.68e+03  
    63         897          18858.8              1        7.4e+03  
    64         910          18428.8              1       9.16e+03  
    65         923          17945.5              1       6.97e+03  
    66         936          17721.4              1       2.09e+03  
    67         949          17697.7              1       1.71e+03  
    68         962          17696.9              1       1.66e+03  
    69         975          17696.6              1       1.67e+03  
    70         988          17696.6              1       1.67e+03  
    71        1001          17695.8              1       1.67e+03  
    72        1014          17694.3              1       1.66e+03  
    73        1027          17689.9              1       1.63e+03  
    74        1040          17679.2              1       2.06e+03  
    75        1053          17653.6              1       3.27e+03  
    76        1066          17602.9              1       4.36e+03  
    77        1079          17533.8              1       4.04e+03  
    78        1092          17487.3              1       1.92e+03  
    79        1105          17476.8              1            605  
                                                        First-order 
 Iteration  Func-count       f(x)        Step-size       optimality
    80        1118          17476.3              1            597  
    81        1131          17476.2              1            601  
    82        1144          17476.2              1            600  
    83        1157          17476.2              1            602  
    84        1170            17476              1            601  
    85        1183          17475.7              1            603  
    86        1196          17474.8              1            602  
    87        1209          17472.4              1            602  
    88        1222          17466.5              1            594  
    89        1235          17453.2              1            772  
    90        1248            17428              1            951  
    91        1261          17396.5              1            826  
    92        1274          17377.1              1            759  
    93        1287          17372.6              1            565  
    94        1300          17372.2              1            489  
    95        1313          17372.2              1            481  
    96        1326          17372.2              1            477  
    97        1339          17372.1              1            468  
    98        1352            17372              1            454  
    99        1365          17371.6              1            429  
                                                        First-order 
 Iteration  Func-count       f(x)        Step-size       optimality
   100        1378          17370.6              1            403  
   101        1391          17368.1              1            417  
   102        1404          17361.8              1            436  
   103        1417          17347.7              1            631  
   104        1430            17322              1            762  
   105        1443          17292.4              1            619  
   106        1456          17276.6              1            511  
   107        1469          17273.7              1            599  
   108        1482          17273.5              1            608  
   109        1495          17273.5              1            607  
   110        1508          17273.5              1            605  
   111        1521          17273.4              1            602  
   112        1534          17273.3              1            597  
   113        1547          17272.9              1            589  
   114        1560          17271.9              1            572  
   115        1573          17269.4              1            541  
   116        1586          17263.2              1            480  
   117        1599          17249.1              1            571  
   118        1612          17222.9              1            703  
   119        1625          17191.3              1            594  
                                                        First-order 
 Iteration  Func-count       f(x)        Step-size       optimality
   120        1638          17173.4              1            247  
   121        1651          17169.8              1            192  
   122        1664          17169.6              1            198  
   123        1677          17169.6              1            197  
   124        1690          17169.6              1            197  
   125        1703          17169.6              1            196  
   126        1716          17169.6              1            195  
   127        1729          17169.5              1            192  
   128        1742          17169.5              1            187  
   129        1755          17169.4              1            173  
   130        1768          17169.1              1            155  
   131        1781          17168.5              1            199  
   132        1794          17167.8              1            181  
   133        1807          17167.3              1           89.2  

Optimization completed: The first-order optimality measure, 9.594007e-07, is less 
than options.TolFun = 1.000000e-06.

Optimization Metric                                            Options
relative norm(gradient) =   9.59e-07                  TolFun =   1e-06 (default)


Computing finite-difference Hessian using user-supplied objective function.
>> >> 
resultMLEng =

    1.4266    0.0369
    0.1160    0.0063
    0.0337    0.0039
   -0.0030    0.0012
    0.0406    0.0029
    0.0523    0.0020
   -0.0042    0.0111
    0.1307    0.0148
    0.1670    0.0132
   -0.0137    0.0090
   -0.0557    0.0087
    0.4858    0.0022

>> Function derivative
Maximum relative discrepancy between derivatives = 2.10535e-05
Caution: user-supplied and finite-difference derivatives do
 not match within 1e-06 relative tolerance.
Maximum difference occurs in element (3,1):
  User-supplied derivative, normalMLEgradient:     330650
  Finite-difference derivative:     330644
Strike any key to continue or Ctrl-C to abort
 

                                Norm of      First-order 
 Iteration        f(x)          step          optimality   CG-iterations
     0        2.37622e+07                       9.3e+07                
     1        2.37622e+07             10        9.3e+07           2
     2             302355            2.5       3.31e+06           0
     3             302355            2.5       3.31e+06           3
     4             253150          0.625       5.36e+06           0
     5            96291.5        0.15625          1e+06           6
     6            49057.4       0.291054       4.06e+05           4
     7            30503.7      0.0752779       1.58e+05           1
     8            22570.5       0.079573       5.77e+04           1
     9            19871.2      0.0754377       1.79e+04           1
    10            18668.5       0.273007       5.25e+03           4
    11            18290.8       0.351345       2.46e+03           6
    12            18107.6       0.225586       6.68e+03           6
    13              17960       0.210856       2.28e+03           6
    14            17835.3       0.182527        5.3e+03           6
    15            17729.7       0.177536       1.86e+03           6
    16            17633.3       0.166867       1.97e+03           6
    17            17553.1       0.149277       1.49e+03           6
    18            17491.7       0.128311        3.7e+03           6
    19            17440.1       0.124047       1.22e+03           6
    20            17396.7       0.108536       2.87e+03           6
    21            17360.1        0.10442            997           6
    22            17329.5      0.0917238       2.23e+03           6
    23            17303.7      0.0878806            819           6
    24              17282      0.0774791       1.73e+03           6
    25            17263.7      0.0738068            679           6
    26            17248.4      0.0653857       1.37e+03           6
    27            17235.5      0.0620071            563           6
    28            17224.7      0.0551779       1.08e+03           6
    29            17215.5      0.0520968            467           6
    30            17207.9      0.0465633            846           6
    31            17201.4      0.0437796            389           6
    32              17196      0.0393376            624           6
    33            17191.4      0.0368012            325           6
    34            17174.9       0.166166       4.25e+03           6
    35            17170.2      0.0169765            268           4
    36            17169.4      0.0179166            534           6
    37            17168.9      0.0104687            217           6
    38            17168.5      0.0124995            329           6
    39              17168      0.0182996            198           6
    40            17167.7     0.00702689            125           6
    41            17167.6     0.00493076           90.4           6
    42            17167.5     0.00490351            100           6
    43            17167.5     0.00393667           75.3           6
    44            17167.4     0.00399187             78           6
    45            17167.4     0.00316927           60.4           6
    46            17167.3     0.00330156           62.4           6
    47            17167.3     0.00252914           46.5           6
    48            17167.3     0.00275566           50.8           6
    49            17167.3      0.0020056           34.3           6

Optimization stopped because the relative objective function value is changing
by less than options.TolFun = 1.000000e-06.

Optimization Metric                                         Options
relative change objective =   1.00e-06             TolFun =   1e-06 (default)

>> >> >> 
resultMLEg =

    1.4280    0.0369
    0.1159    0.0063
    0.0341    0.0039
   -0.0030    0.0012
    0.0405    0.0029
    0.0523    0.0020
   -0.0029    0.0111
    0.1336    0.0149
    0.1658    0.0132
   -0.0143    0.0090
   -0.0558    0.0087
    0.4862    0.0022

>> >> {Warning: Gradient must be provided for trust-region algorithm;
  using line-search algorithm instead.} 
> In fminunc at 347
                                                        First-order 
 Iteration  Func-count       f(x)        Step-size       optimality
     0          13      2.37622e+07                       9.3e+07
     1          26      1.17719e+06    1.07511e-08       2.05e+06  
     2          52           348250             10       9.62e+05  
     3          65          97562.5              1        3.9e+05  
     4          78          45045.4              1       1.09e+05  
     5          91          40629.3              1       1.94e+04  
     6         104          40535.5              1       1.06e+04  
     7         117          40533.6              1       1.06e+04  
     8         130          40523.7              1       1.07e+04  
     9         143          40502.6              1       1.07e+04  
    10         156          40442.8              1       1.07e+04  
    11         169          40292.8              1       1.86e+04  
    12         182          39905.2              1       3.48e+04  
    13         195          38961.6              1       6.49e+04  
    14         208          36932.9              1       1.34e+05  
    15         221          33682.5              1       2.54e+05  
    16         247          29895.1            0.5       7.74e+04  
    17         273          28987.1       0.363481       4.09e+04  
    18         286          28879.5              1       2.75e+04  
    19         312          28768.9             10       2.96e+04  
                                                        First-order 
 Iteration  Func-count       f(x)        Step-size       optimality
    20         325          27878.1              1       5.44e+04  
    21         338          26795.5              1       5.47e+04  
    22         364            24694            0.5       1.19e+04  
    23         377          24383.3              1       9.11e+03  
    24         390          24372.3              1       9.62e+03  
    25         403          24369.5              1       9.52e+03  
    26         416          24357.9              1       9.27e+03  
    27         429          24333.4              1       8.89e+03  
    28         442          24266.1              1       8.17e+03  
    29         455          24106.3              1       1.27e+04  
    30         468          23751.6              1       1.85e+04  
    31         481          23149.3              1       2.38e+04  
    32         494          22536.1              1        2.1e+04  
    33         507          22273.7              1       1.22e+04  
    34         520          22236.9              1       1.05e+04  
    35         533          22230.9              1       1.17e+04  
    36         546          22222.4              1       1.18e+04  
    37         559          22202.5              1       1.26e+04  
    38         572          22151.4              1        1.2e+04  
    39         585          22032.2              1       1.24e+04  
                                                        First-order 
 Iteration  Func-count       f(x)        Step-size       optimality
    40         598          21798.9              1       7.21e+03  
    41         611          21501.5              1       8.72e+03  
    42         624          21329.8              1       5.51e+03  
    43         637          21299.6              1       6.33e+03  
    44         650          21296.9              1       6.29e+03  
    45         663          21295.4              1       6.36e+03  
    46         676          21286.7              1       6.57e+03  
    47         689          21268.3              1        1.1e+04  
    48         702          21217.9              1       2.02e+04  
    49         715          21096.8              1       3.49e+04  
    50         728          20818.2              1       5.67e+04  
    51         741          20301.8              1       7.57e+04  
    52         754          19676.5              1       6.74e+04  
    53         767          19322.1              1       2.49e+04  
    54         780            19257              1       2.96e+03  
    55         793          19253.7              1       2.76e+03  
    56         806          19253.3              1       2.76e+03  
    57         819          19252.5              1       2.77e+03  
    58         832          19250.4              1       2.79e+03  
    59         845          19244.7              1        2.8e+03  
                                                        First-order 
 Iteration  Func-count       f(x)        Step-size       optimality
    60         858          19229.4              1       2.82e+03  
    61         871          19189.8              1       2.82e+03  
    62         884          19089.4              1       4.68e+03  
    63         897          18858.8              1        7.4e+03  
    64         910          18428.8              1       9.16e+03  
    65         923          17945.5              1       6.97e+03  
    66         936          17721.4              1       2.09e+03  
    67         949          17697.7              1       1.71e+03  
    68         962          17696.9              1       1.66e+03  
    69         975          17696.6              1       1.67e+03  
    70         988          17696.6              1       1.67e+03  
    71        1001          17695.8              1       1.67e+03  
    72        1014          17694.3              1       1.66e+03  
    73        1027          17689.9              1       1.63e+03  
    74        1040          17679.2              1       2.06e+03  
    75        1053          17653.6              1       3.27e+03  
    76        1066          17602.9              1       4.36e+03  
    77        1079          17533.8              1       4.04e+03  
    78        1092          17487.3              1       1.92e+03  
    79        1105          17476.8              1            605  
                                                        First-order 
 Iteration  Func-count       f(x)        Step-size       optimality
    80        1118          17476.3              1            597  
    81        1131          17476.2              1            601  
    82        1144          17476.2              1            600  
    83        1157          17476.2              1            602  
    84        1170            17476              1            601  
    85        1183          17475.7              1            603  
    86        1196          17474.8              1            602  
    87        1209          17472.4              1            602  
    88        1222          17466.5              1            594  
    89        1235          17453.2              1            772  
    90        1248            17428              1            951  
    91        1261          17396.5              1            826  
    92        1274          17377.1              1            759  
    93        1287          17372.6              1            565  
    94        1300          17372.2              1            489  
    95        1313          17372.2              1            481  
    96        1326          17372.2              1            477  
    97        1339          17372.1              1            468  
    98        1352            17372              1            454  
    99        1365          17371.6              1            429  
                                                        First-order 
 Iteration  Func-count       f(x)        Step-size       optimality
   100        1378          17370.6              1            403  
   101        1391          17368.1              1            417  
   102        1404          17361.8              1            436  
   103        1417          17347.7              1            631  
   104        1430            17322              1            762  
   105        1443          17292.4              1            619  
   106        1456          17276.6              1            511  
   107        1469          17273.7              1            599  
   108        1482          17273.5              1            608  
   109        1495          17273.5              1            607  
   110        1508          17273.5              1            605  
   111        1521          17273.4              1            602  
   112        1534          17273.3              1            597  
   113        1547          17272.9              1            589  
   114        1560          17271.9              1            572  
   115        1573          17269.4              1            541  
   116        1586          17263.2              1            480  
   117        1599          17249.1              1            571  
   118        1612          17222.9              1            703  
   119        1625          17191.3              1            594  
                                                        First-order 
 Iteration  Func-count       f(x)        Step-size       optimality
   120        1638          17173.4              1            247  
   121        1651          17169.8              1            192  
   122        1664          17169.6              1            198  
   123        1677          17169.6              1            197  
   124        1690          17169.6              1            197  
   125        1703          17169.6              1            196  
   126        1716          17169.6              1            195  
   127        1729          17169.5              1            192  
   128        1742          17169.5              1            187  
   129        1755          17169.4              1            173  
   130        1768          17169.1              1            155  
   131        1781          17168.5              1            199  
   132        1794          17167.8              1            181  
   133        1807          17167.3              1           89.2  

Optimization completed: The first-order optimality measure, 9.594007e-07, is less 
than options.TolFun = 1.000000e-06.

Optimization Metric                                            Options
relative norm(gradient) =   9.59e-07                  TolFun =   1e-06 (default)


Computing finite-difference Hessian using user-supplied objective function.
>> >> 
resultMLEnh =

    1.4266    0.0369
    0.1160    0.0063
    0.0337    0.0039
   -0.0030    0.0012
    0.0406    0.0029
    0.0523    0.0020
   -0.0042    0.0111
    0.1307    0.0148
    0.1670    0.0132
   -0.0137    0.0090
   -0.0557    0.0087
    0.4858    0.0022

>> Function derivative
Maximum relative discrepancy between derivatives = 2.10535e-05
Caution: user-supplied and finite-difference derivatives do
 not match within 1e-06 relative tolerance.
Maximum difference occurs in element (3,1):
  User-supplied derivative, normalMLEhessian:     330650
  Finite-difference derivative:     330644
Strike any key to continue or Ctrl-C to abort
 

                                Norm of      First-order 
 Iteration        f(x)          step          optimality   CG-iterations
     0        2.37622e+07                       9.3e+07                
     1        2.37622e+07             10        9.3e+07           2
     2             302375            2.5       3.31e+06           0
     3             302375            2.5       3.31e+06           3
     4             253198          0.625       5.36e+06           0
     5            96307.5        0.15625          1e+06           6
     6            49063.1       0.291106       4.06e+05           4
     7            30506.3       0.075277       1.59e+05           1
     8            22571.6      0.0795726       5.77e+04           1
     9            19871.5      0.0754404       1.79e+04           1
    10            18668.5       0.273001       5.25e+03           4
    11            18290.8        0.35132       2.46e+03           6
    12            18107.6       0.225579       6.68e+03           6
    13              17960       0.210849       2.28e+03           6
    14            17835.3       0.182519        5.3e+03           6
    15            17729.7       0.177528       1.87e+03           6
    16            17633.6       0.166444       2.02e+03           6
    17            17553.5       0.149292        1.5e+03           6
    18              17492       0.128343        3.7e+03           6
    19            17440.3       0.124086       1.22e+03           6
    20            17396.9       0.108558       2.87e+03           6
    21            17360.3       0.104451          1e+03           6
    22            17329.6      0.0917393       2.23e+03           6
    23            17303.8      0.0879219            821           6
    24            17282.1      0.0774948       1.73e+03           6
    25            17263.8      0.0738301            681           6
    26            17248.5      0.0653973       1.37e+03           6
    27            17235.6      0.0620263            565           6
    28            17224.7      0.0551871       1.08e+03           6
    29            17215.6      0.0521128            469           6
    30            17207.9      0.0465711            848           6
    31            17201.4       0.043793            390           6
    32              17196      0.0393457            625           6
    33            17191.4      0.0368129            326           6
    34            17172.1       0.198399       4.47e+03           6
    35            17168.4      0.0190598           78.3           5
    36            17167.9      0.0204798            132           6
    37            17167.7     0.00600511           30.6           6
    38            17167.5     0.00973516            102           6
    39            17167.5      0.0038225           43.2           6
    40            17167.4     0.00501534           86.4           6
    41            17167.4     0.00243916             27           6
    42            17167.3     0.00377609           66.5           6
    43            17167.3     0.00199464           26.7           6
    44            17167.3     0.00296319           55.6           6
    45            17167.3     0.00157584           20.6           6

Optimization stopped because the relative objective function value is changing
by less than options.TolFun = 1.000000e-06.

Optimization Metric                                         Options
relative change objective =   9.36e-07             TolFun =   1e-06 (default)

>> >> 
resultMLEh =

    1.4277    0.0369
    0.1158    0.0063
    0.0339    0.0039
   -0.0030    0.0012
    0.0405    0.0029
    0.0522    0.0020
   -0.0031    0.0111
    0.1339    0.0149
    0.1663    0.0132
   -0.0143    0.0090
   -0.0553    0.0087
    0.4862    0.0022

>> >> 