
                            < M A T L A B (R) >
                  Copyright 1984-2009 The MathWorks, Inc.
                Version 7.9.0.529 (R2009b) 64-bit (glnxa64)
                              August 12, 2009

    ----------------------------------------------------------
        Your MATLAB license will expire in 51 days.
        Please contact your system administrator or
        The MathWorks to renew this license.
    ----------------------------------------------------------
 
  To get started, type one of these: helpwin, helpdesk, or demo.
  For product information, visit www.mathworks.com.
 
>> >> >> >> >> >> >> >> >> >> >> >> >> >> >> >> >> >> >> >> >> >> >> >> >> >> >> >> >> >> >> >> >> >> >> >> >> >> >> >> >> >> >> >> >> >> >> >> >> >> >> >> >> >> >> >> >> >> >> >> >> >> >> >> >> >> >> >> >> >> >> >> >> >> >> >> >> >> >> >> >> >> >> >> >> >> >> >> >> >> >> >> >> >> >> >> >> >> >> >> >> >> >> >> >> >> >> >> >> >> >>   Value    Count   Percent
      1     1637     72.89%
      2      583     25.96%
      3       26      1.16%
>> >> >> >> >> >> >> {Warning: This functionality is no longer supported under the -nojvm startup
option. For more information, see "Changes to -nojvm Startup Option" in the
MATLAB Release Notes. To view the release note in your system browser, run
web('http://www.mathworks.com/access/helpdesk/help/techdoc/rn/bropbi9-1.html#brubkzc-1',
'-browser')} 
> In gcf at 33
  In newplot at 62
  In hist3 at 269
>> >> >> >> >> >> >> >> >> >> >> >> >> >> >> >> >> >> >> >> >> >> >> >> >> >> >> >> >> >> 