
                            < M A T L A B (R) >
                  Copyright 1984-2009 The MathWorks, Inc.
                Version 7.9.0.529 (R2009b) 64-bit (glnxa64)
                              August 12, 2009

 
  To get started, type one of these: helpwin, helpdesk, or demo.
  For product information, visit www.mathworks.com.
 
>> >> >> >> >> >> >> >> >> >> >> >> >> >> >> >> >> >> >> >> >> >> >> >> >> >> >> >> >> >> {Warning: Gradient must be provided for trust-region algorithm;
  using line-search algorithm instead.} 
> In fminunc at 347
                                                        First-order 
 Iteration  Func-count       f(x)        Step-size       optimality
     0          19           293124                      1.76e+05
     1          57           123079    2.83294e-06       1.51e+05  
     2         114          88730.4      0.0451805       2.32e+05  
     3         152          25739.1       0.131934       1.69e+05  
     4         171          22317.5              1       6.99e+04  
     5         190          7954.49              1       3.52e+04  
     6         209          6273.76              1       2.86e+04  
     7         228          5640.13              1       1.17e+04  
     8         247          5249.22              1       1.64e+03  
     9         266          5151.13              1       2.97e+03  
    10         285          5085.21              1        2.8e+03  
    11         304          5016.65              1       2.99e+03  
    12         323          4918.08              1       2.01e+03  
    13         342          4834.83              1       1.32e+03  
    14         361          4788.05              1       2.66e+03  
    15         380          4729.88              1        4.3e+03  
    16         399          4639.77              1        4.8e+03  
    17         418          4554.24              1       3.21e+03  
    18         437          4489.61              1            814  
    19         456          4455.77              1            846  
                                                        First-order 
 Iteration  Func-count       f(x)        Step-size       optimality
    20         475          4430.24              1       1.79e+03  
    21         494          4376.48              1       2.95e+03  
    22         513          4278.47              1       3.91e+03  
    23         532          4144.93              1       3.93e+03  
    24         551          4049.26              1       2.43e+03  
    25         570          4017.76              1            654  
    26         589          4010.91              1            163  
    27         608          4009.33              1            136  
    28         627          4008.28              1            132  
    29         646          4005.88              1            163  
    30         665          4003.44              1            292  
    31         684          4000.36              1            407  
    32         703          3996.16              1            474  
    33         722          3989.02              1            479  
    34         741          3979.38              1            375  
    35         760          3971.64              1            238  
    36         779          3968.57              1            154  
    37         798           3967.5              1            146  
    38         817          3966.44              1            134  
    39         836          3964.22              1            107  
                                                        First-order 
 Iteration  Func-count       f(x)        Step-size       optimality
    40         855          3961.08              1           74.7  
    41         874          3958.52              1           74.8  
    42         893          3957.61              1             60  
    43         912          3957.35              1             62  
    44         931           3957.1              1           62.4  
    45         950          3956.49              1           60.1  
    46         969          3955.21              1           62.6  
    47         988          3952.96              1            106  
    48        1007           3950.6              1            103  
    49        1026          3949.47              1           52.9  
    50        1045          3949.25              1           33.7  
    51        1064          3949.19              1             33  
    52        1083          3949.08              1           32.3  
    53        1102           3948.8              1           31.1  
    54        1121          3948.12              1           61.1  
    55        1140          3946.55              1            104  
    56        1159          3943.59              1            144  
    57        1178          3939.84              1            143  
    58        1197           3937.4              1           87.8  
    59        1216          3936.77              1           41.8  
                                                        First-order 
 Iteration  Func-count       f(x)        Step-size       optimality
    60        1235          3936.65              1           36.9  
    61        1254          3936.53              1           35.8  
    62        1273          3936.19              1           34.1  
    63        1292          3935.44              1           41.7  
    64        1311          3933.84              1           82.4  
    65        1330          3931.44              1            110  
    66        1349          3929.39              1             89  
    67        1368          3928.61              1           49.5  
    68        1387          3928.45              1           47.8  
    69        1406          3928.35              1           45.6  
    70        1425          3928.05              1             45  
    71        1444          3927.36              1           45.4  
    72        1463          3925.69              1           75.8  
    73        1482           3922.4              1            102  
    74        1501           3917.7              1           95.7  
    75        1520          3914.26              1           49.9  
    76        1539          3913.32              1           43.1  
    77        1558          3913.18              1           43.3  
    78        1577          3913.12              1           42.7  
    79        1596          3912.98              1           41.4  
                                                        First-order 
 Iteration  Func-count       f(x)        Step-size       optimality
    80        1615          3912.66              1           43.8  
    81        1634          3911.86              1             78  
    82        1653          3910.21              1            113  
    83        1672          3907.72              1            118  
    84        1691          3905.78              1           67.8  
    85        1710          3905.15              1           27.3  
    86        1729          3905.06              1           27.3  
    87        1748          3905.03              1           27.4  
    88        1767          3904.97              1           27.3  
    89        1786           3904.8              1             29  
    90        1805          3904.37              1           47.7  
    91        1824           3903.3              1           75.8  
    92        1843          3900.73              1            113  
    93        1862          3895.43              1            142  
    94        1881          3887.58              1            107  
    95        1900          3881.75              1           28.2  
    96        1919          3879.94              1             22  
    97        1938          3879.73              1             14  
    98        1957          3879.72              1            9.7  
    99        1976          3879.72              1           9.72  
                                                        First-order 
 Iteration  Func-count       f(x)        Step-size       optimality
   100        1995          3879.71              1           19.7  
   101        2014          3879.68              1           41.5  
   102        2033          3879.62              1           77.5  
   103        2052          3879.46              1            129  
   104        2071          3879.11              1            190  
   105        2090          3878.51              1            224  
   106        2109          3877.88              1            171  
   107        2128          3877.58              1           62.1  
   108        2147          3877.54              1           8.45  
   109        2166          3877.54              1           7.89  
   110        2185          3877.54              1           7.73  
   111        2204          3877.53              1           7.33  
   112        2223          3877.52              1           7.79  
   113        2242           3877.5              1           11.4  
   114        2261          3877.45              1           14.8  
   115        2280          3877.38              1             15  
   116        2299          3877.31              1           9.47  
   117        2318          3877.29              1           2.64  
   118        2337          3877.28              1           2.01  
   119        2356          3877.28              1           2.01  
                                                        First-order 
 Iteration  Func-count       f(x)        Step-size       optimality
   120        2375          3877.28              1           2.01  
   121        2394          3877.28              1           2.02  
   122        2413          3877.28              1           2.02  
   123        2432          3877.28              1           1.99  
   124        2451          3877.27              1           2.82  
   125        2470          3877.25              1           4.03  
   126        2489          3877.21              1           4.59  
   127        2508          3877.17              1           3.56  
   128        2527          3877.15              1           1.23  
   129        2546          3877.15              1          0.338  
   130        2565          3877.15              1          0.323  
   131        2584          3877.15              1          0.316  
   132        2603          3877.15              1          0.315  
   133        2622          3877.15              1          0.316  
   134        2641          3877.15              1          0.307  
   135        2660          3877.15              1          0.422  
   136        2679          3877.15              1          0.649  
   137        2698          3877.14              1           1.11  
   138        2717          3877.14              1            1.2  
   139        2736          3877.14              1          0.733  
                                                        First-order 
 Iteration  Func-count       f(x)        Step-size       optimality
   140        2755          3877.14              1          0.215  
   141        2774          3877.14              1         0.0104  

Optimization completed: The first-order optimality measure, 5.896157e-08, is less 
than options.TolFun = 1.000000e-06.

Optimization Metric                                            Options
relative norm(gradient) =   5.90e-08                  TolFun =   1e-06 (default)


Computing finite-difference Hessian using user-supplied objective function.
>> >> >> >> >> 
mlogit_compare =

   -3.4374   -0.4431   -3.4373   -0.4430
    0.3443    0.2221    0.3443    0.2221
   -0.2368   -0.2080   -0.2368   -0.2080
    0.0375   -0.0116    0.0375   -0.0116
    0.0167   -0.1771    0.0167   -0.1771
   -0.4167    1.0343   -0.4167    1.0343
    0.3325    1.0164    0.3325    1.0164
   -0.2826    0.7358   -0.2827    0.7358
   -0.0312    2.2523   -0.0312    2.2524

>> 
mlogit_compareSE =

    0.3621    0.1651    0.3622    0.1651
    0.0715    0.0318    0.0715    0.0318
    0.0426    0.0194    0.0426    0.0194
    0.0139    0.0061    0.0139    0.0061
    0.0262    0.0128    0.0262    0.0127
    0.0422    0.0130    0.0422    0.0130
    0.1367    0.0534    0.1367    0.0533
    0.1907    0.0710    0.1907    0.0710
    0.1564    0.0610    0.1564    0.0610

>> >> >> >> >> >> >> >> >> >> >> >> >> >> >> >> >> >> 
OLScompare =

    1.2970    1.4199
    0.1205    0.1190
         0    0.0351
         0   -0.0032
    0.0466    0.0400
    0.0514    0.0523
   -0.0000   -0.0011
    0.1290    0.1338
    0.1733    0.1701

>> 
OLScompareSE =

    0.0331    0.0368
    0.0063    0.0063
         0    0.0039
         0    0.0012
    0.0027    0.0029
    0.0019    0.0019
    0.0111    0.0111
    0.0148    0.0148
    0.0128    0.0128

>> >> >> >> >> >> >> >> >> >> >> >> >> >> >> >> >> 
FEresult =

    0.0498    0.0071
    0.0514    0.0035
    0.0146    0.1049
    0.1132    0.0344
    0.1797    0.0212

>> >> >> >> >> >> >> >> >> >> >> >> >> >> >> >> >> >> >> >> >> >> >> >> >> >> >> >> >> >> >> >> >> >> >> >> >> 
var_alpha =

    0.1084

>> 
var_epsilon =

    0.1284

>> >> >> >> >> >> >> >> >> >> >> >> >> >> >> >> >> >> >> >> >> >> >> >> Time spent computing random effects
>> Elapsed time is 10.086832 seconds.
>> 
REresult =

    1.3867    0.0464
    0.1162    0.0090
    0.0309    0.0056
   -0.0028    0.0018
    0.0430    0.0036
    0.0524    0.0022
   -0.0136    0.0160
    0.1255    0.0205
    0.1845    0.0150

>> 